2025-06-26 11:38:00 | INFO | repo=pv243-a4m36jee-2018-security-seminar | action=commit
2025-05-03 15:18:00 | DEBUG | repo=pv243-a4m36jee-2018-security-seminar | action=commit
2025-03-23 19:12:00 | INFO | repo=pv243-a4m36jee-2018-security-seminar | action=commit
2025-01-09 07:10:00 | INFO | repo=pv243-a4m36jee-2018-security-seminar | action=commit
2025-11-06 17:23:00 | INFO | repo=pv243-a4m36jee-2018-security-seminar | action=commit
2025-01-24 20:26:00 | DEBUG | repo=pv243-a4m36jee-2018-security-seminar | action=edit | files=2
2025-03-21 07:53:00 | WARN | repo=pv243-a4m36jee-2018-security-seminar | action=commit
2025-05-19 09:44:00 | WARN | repo=pv243-a4m36jee-2018-security-seminar | action=commit
2025-12-01 21:24:00 | WARN | repo=pv243-a4m36jee-2018-security-seminar | action=pull
2025-05-23 11:30:00 | INFO | repo=pv243-a4m36jee-2018-security-seminar | action=test | passed=true
2025-06-03 07:38:00 | WARN | repo=pv243-a4m36jee-2018-security-seminar | action=commit
2025-11-13 08:34:00 | INFO | repo=pv243-a4m36jee-2018-security-seminar | action=commit
2025-03-20 15:11:00 | WARN | repo=pv243-a4m36jee-2018-security-seminar | action=commit
2025-08-03 11:43:00 | INFO | repo=pv243-a4m36jee-2018-security-seminar | action=test | passed=true
2025-12-26 11:27:00 | WARN | repo=pv243-a4m36jee-2018-security-seminar | action=commit
2025-06-08 07:08:00 | DEBUG | repo=pv243-a4m36jee-2018-security-seminar | action=commit
2025-11-08 18:56:00 | DEBUG | repo=pv243-a4m36jee-2018-security-seminar | action=commit
2025-02-18 18:21:00 | INFO | repo=pv243-a4m36jee-2018-security-seminar | action=commit
2025-07-18 16:10:00 | WARN | repo=pv243-a4m36jee-2018-security-seminar | action=commit
2025-11-04 08:53:00 | DEBUG | repo=pv243-a4m36jee-2018-security-seminar | action=commit
2025-05-10 07:56:00 | WARN | repo=pv243-a4m36jee-2018-security-seminar | action=commit
